Time[ps]      Etot[eV]     Epot[eV]     Ekin[eV]    T[K]
0.0000            5.431       -0.614        6.044   433.0
0.0050            5.432       -0.452        5.884   421.5
0.0100            5.436        0.012        5.424   388.5
0.0150            5.441        0.718        4.724   338.4
0.0200            5.449        1.572        3.877   277.7
0.0250            5.456        2.458        2.998   214.8
0.0300            5.463        3.252        2.211   158.4
0.0350            5.467        3.848        1.619   116.0
0.0400            5.468        4.181        1.286    92.1
0.0450            5.465        4.240        1.225    87.7
0.0500            5.460        4.067        1.393    99.8
0.0550            5.455        3.739        1.715   122.9
0.0600            5.450        3.346        2.104   150.7
0.0650            5.446        2.967        2.480   177.6
0.0700            5.445        2.656        2.789   199.8
0.0750            5.445        2.441        3.004   215.2
0.0800            5.446        2.321        3.125   223.8
0.0850            5.448        2.278        3.170   227.1
0.0900            5.450        2.282        3.169   227.0
0.0950            5.452        2.301        3.150   225.7
0.1000            5.453        2.312        3.141   225.0
0.1050            5.453        2.298        3.155   226.0
0.1100            5.452        2.254        3.198   229.1
0.1150            5.451        2.188        3.264   233.8
0.1200            5.450        2.113        3.337   239.1
0.1250            5.449        2.048        3.401   243.6
0.1300            5.448        2.013        3.436   246.1
0.1350            5.448        2.019        3.428   245.6
0.1400            5.448        2.073        3.375   241.8
0.1450            5.449        2.168        3.281   235.0
0.1500            5.451        2.288        3.162   226.5
0.1550            5.452        2.410        3.042   217.9
0.1600            5.453        2.511        2.942   210.8
0.1650            5.454        2.572        2.882   206.4
0.1700            5.454        2.585        2.869   205.5
0.1750            5.453        2.550        2.903   208.0
0.1800            5.452        2.476        2.977   213.2
0.1850            5.451        2.377        3.075   220.3
0.1900            5.451        2.268        3.182   227.9
0.1950            5.450        2.167        3.283   235.2
0.2000            5.449        2.084        3.365   241.0
0.2050            5.449        2.029        3.420   245.0
0.2100            5.449        2.006        3.444   246.7
0.2150            5.449        2.014        3.436   246.1
0.2200            5.450        2.052        3.398   243.4
0.2250            5.450        2.116        3.334   238.8
0.2300            5.450        2.201        3.249   232.8
0.2350            5.451        2.298        3.153   225.9
0.2400            5.452        2.395        3.056   218.9
0.2450            5.452        2.481        2.971   212.8
0.2500            5.453        2.544        2.909   208.4
0.2550            5.453        2.573        2.880   206.3
0.2600            5.453        2.568        2.885   206.7
0.2650            5.452        2.531        2.921   209.3
0.2700            5.451        2.473        2.978   213.3
0.2750            5.450        2.409        3.041   217.8
0.2800            5.449        2.357        3.092   221.5
0.2850            5.448        2.334        3.115   223.1
0.2900            5.448        2.352        3.096   221.8
0.2950            5.448        2.417        3.032   217.2
0.3000            5.449        2.523        2.926   209.6
0.3050            5.450        2.658        2.793   200.0
0.3100            5.452        2.796        2.656   190.2
0.3150            5.454        2.912        2.542   182.1
0.3200            5.455        2.976        2.479   177.6
0.3250            5.456        2.968        2.487   178.2
0.3300            5.455        2.878        2.578   184.7
0.3350            5.454        2.707        2.748   196.8
0.3400            5.453        2.471        2.981   213.6
0.3450            5.451        2.198        3.253   233.0
0.3500            5.449        1.920        3.529   252.8
0.3550            5.447        1.670        3.777   270.5
0.3600            5.445        1.482        3.964   283.9
0.3650            5.444        1.379        4.065   291.2
0.3700            5.444        1.377        4.067   291.3
0.3750            5.445        1.476        3.969   284.3
0.3800            5.447        1.665        3.782   270.9
0.3850            5.449        1.919        3.530   252.8
0.3900            5.451        2.209        3.242   232.2
0.3950            5.453        2.500        2.953   211.5
0.4000            5.454        2.758        2.696   193.1
0.4050            5.456        2.956        2.500   179.1
0.4100            5.456        3.071        2.385   170.9
0.4150            5.456        3.095        2.361   169.1
0.4200            5.455        3.030        2.425   173.7
0.4250            5.454        2.892        2.562   183.5
0.4300            5.452        2.705        2.747   196.7
0.4350            5.450        2.501        2.949   211.2
0.4400            5.448        2.310        3.138   224.8
0.4450            5.447        2.159        3.288   235.6
0.4500            5.447        2.066        3.380   242.1
0.4550            5.447        2.041        3.406   244.0
0.4600            5.447        2.081        3.367   241.2
0.4650            5.449        2.172        3.277   234.8
0.4700            5.450        2.293        3.157   226.2
0.4750            5.452        2.419        3.032   217.2
0.4800            5.453        2.526        2.927   209.7
0.4850            5.454        2.592        2.861   205.0
0.4900            5.454        2.609        2.845   203.8
0.4950            5.453        2.577        2.876   206.0
0.5000            5.452        2.505        2.946   211.1
0.5050            5.451        2.412        3.039   217.7
0.5100            5.450        2.313        3.137   224.7
0.5150            5.449        2.223        3.226   231.1
0.5200            5.449        2.149        3.300   236.4
0.5250            5.449        2.094        3.355   240.3
0.5300            5.449        2.055        3.394   243.1
0.5350            5.450        2.031        3.418   244.9
0.5400            5.450        2.020        3.429   245.6
0.5450            5.449        2.023        3.427   245.5
0.5500            5.449        2.039        3.410   244.3
0.5550            5.449        2.071        3.378   242.0
0.5600            5.449        2.119        3.331   238.6
0.5650            5.449        2.183        3.267   234.0
0.5700            5.449        2.263        3.186   228.2
0.5750            5.450        2.360        3.089   221.3
0.5800            5.450        2.472        2.978   213.3
0.5850            5.450        2.594        2.856   204.6
0.5900            5.451        2.721        2.730   195.5
0.5950            5.452        2.840        2.612   187.1
0.6000            5.453        2.934        2.519   180.4
0.6050            5.454        2.988        2.466   176.6
0.6100            5.455        2.987        2.468   176.8
0.6150            5.454        2.923        2.532   181.4
0.6200            5.454        2.798        2.656   190.2
0.6250            5.453        2.625        2.828   202.5
0.6300            5.451        2.423        3.029   216.9
0.6350            5.450        2.213        3.237   231.9
0.6400            5.449        2.018        3.431   245.7
0.6450            5.448        1.856        3.592   257.3
0.6500            5.447        1.741        3.706   265.5
0.6550            5.447        1.685        3.762   269.5
0.6600            5.446        1.696        3.751   268.7
0.6650            5.447        1.778        3.668   262.8
0.6700            5.447        1.930        3.517   252.0
0.6750            5.448        2.139        3.309   237.1
0.6800            5.450        2.385        3.065   219.6
0.6850            5.452        2.636        2.816   201.7
0.6900            5.454        2.859        2.595   185.9
0.6950            5.456        3.020        2.436   174.5
0.7000            5.456        3.096        2.360   169.1
0.7050            5.456        3.075        2.381   170.6
0.7100            5.455        2.959        2.496   178.8
0.7150            5.454        2.761        2.693   192.9
0.7200            5.452        2.506        2.946   211.1
0.7250            5.450        2.222        3.228   231.2
0.7300            5.448        1.946        3.501   250.8
0.7350            5.446        1.714        3.732   267.4
0.7400            5.444        1.557        3.888   278.5
0.7450            5.444        1.500        3.944   282.5
0.7500            5.444        1.554        3.890   278.6
0.7550            5.445        1.713        3.732   267.4
0.7600            5.447        1.955        3.492   250.2
0.7650            5.450        2.244        3.206   229.6
0.7700            5.453        2.538        2.915   208.8
0.7750            5.455        2.791        2.664   190.8
0.7800            5.456        2.969        2.488   178.2
0.7850            5.457        3.048        2.409   172.5
0.7900            5.456        3.025        2.431   174.1
0.7950            5.454        2.915        2.539   181.9
0.8000            5.452        2.746        2.706   193.8
0.8050            5.449        2.555        2.894   207.3
0.8100            5.448        2.377        3.070   219.9
0.8150            5.447        2.241        3.205   229.6
0.8200            5.446        2.164        3.283   235.2
0.8250            5.447        2.148        3.298   236.3
0.8300            5.448        2.187        3.261   233.6
0.8350            5.450        2.260        3.190   228.5
0.8400            5.451        2.343        3.109   222.7
0.8450            5.452        2.410        3.042   217.9
0.8500            5.453        2.445        3.008   215.5
0.8550            5.453        2.440        3.013   215.8
0.8600            5.452        2.400        3.052   218.6
0.8650            5.451        2.338        3.112   223.0
0.8700            5.450        2.270        3.180   227.8
0.8750            5.449        2.207        3.242   232.3
0.8800            5.449        2.158        3.291   235.7
0.8850            5.449        2.127        3.322   238.0
0.8900            5.449        2.114        3.336   238.9
0.8950            5.449        2.119        3.330   238.6
0.9000            5.449        2.144        3.305   236.8
0.9050            5.449        2.189        3.260   233.5
0.9100            5.449        2.254        3.196   228.9
0.9150            5.450        2.332        3.119   223.4
0.9200            5.451        2.411        3.040   217.8
0.9250            5.452        2.477        2.975   213.1
0.9300            5.453        2.516        2.936   210.3
0.9350            5.453        2.518        2.935   210.3
0.9400            5.452        2.479        2.973   213.0
0.9450            5.451        2.410        3.041   217.9
0.9500            5.450        2.326        3.124   223.7
0.9550            5.449        2.251        3.198   229.0
0.9600            5.448        2.205        3.242   232.3
0.9650            5.447        2.204        3.243   232.3
0.9700            5.448        2.252        3.196   228.9
0.9750            5.449        2.341        3.108   222.6
0.9800            5.450        2.453        2.997   214.7
0.9850            5.452        2.564        2.888   206.9
0.9900            5.453        2.647        2.806   201.0
0.9950            5.454        2.682        2.772   198.6
1.0000            5.454        2.658        2.796   200.3
1.0050            5.453        2.577        2.876   206.0
1.0100            5.452        2.453        2.999   214.8
1.0150            5.450        2.309        3.141   225.0
1.0200            5.449        2.171        3.277   234.8
1.0250            5.447        2.064        3.383   242.4
1.0300            5.447        2.007        3.439   246.4
1.0350            5.446        2.013        3.433   245.9
1.0400            5.447        2.083        3.363   240.9
1.0450            5.448        2.211        3.237   231.9
1.0500            5.450        2.376        3.073   220.2
1.0550            5.452        2.553        2.899   207.6
1.0600            5.454        2.708        2.745   196.6
1.0650            5.455        2.812        2.643   189.3
1.0700            5.456        2.840        2.616   187.4
1.0750            5.455        2.785        2.670   191.3
1.0800            5.454        2.654        2.799   200.5
1.0850            5.451        2.472        2.979   213.4
1.0900            5.449        2.273        3.177   227.6
1.0950            5.447        2.090        3.357   240.5
1.1000            5.446        1.956        3.491   250.0
1.1050            5.446        1.890        3.556   254.7
1.1100            5.446        1.899        3.547   254.1
1.1150            5.447        1.977        3.470   248.6
1.1200            5.449        2.103        3.347   239.7
1.1250            5.451        2.246        3.205   229.6
1.1300            5.453        2.378        3.075   220.3
1.1350            5.453        2.473        2.981   213.5
1.1400            5.453        2.519        2.935   210.2
1.1450            5.453        2.516        2.936   210.3
1.1500            5.452        2.476        2.976   213.2
1.1550            5.451        2.413        3.037   217.6
1.1600            5.450        2.346        3.104   222.4
1.1650            5.449        2.288        3.161   226.4
1.1700            5.449        2.250        3.200   229.2
1.1750            5.449        2.234        3.215   230.3
1.1800            5.450        2.239        3.211   230.0
1.1850            5.450        2.259        3.192   228.6
1.1900            5.450        2.287        3.164   226.6
1.1950            5.450        2.319        3.131   224.3
1.2000            5.450        2.355        3.096   221.7
1.2050            5.450        2.395        3.055   218.8
1.2100            5.450        2.442        3.008   215.5
1.2150            5.451        2.492        2.958   211.9
1.2200            5.451        2.542        2.909   208.4
1.2250            5.451        2.582        2.869   205.5
1.2300            5.452        2.609        2.843   203.7
1.2350            5.452        2.616        2.835   203.1
1.2400            5.451        2.606        2.845   203.8
1.2450            5.451        2.580        2.871   205.7
1.2500            5.451        2.544        2.907   208.2
1.2550            5.451        2.502        2.948   211.2
1.2600            5.450        2.460        2.990   214.2
1.2650            5.450        2.421        3.029   217.0
1.2700            5.450        2.386        3.065   219.5
1.2750            5.450        2.354        3.096   221.8
1.2800            5.451        2.323        3.128   224.0
1.2850            5.451        2.290        3.161   226.4
1.2900            5.451        2.251        3.200   229.2
1.2950            5.451        2.207        3.244   232.3
1.3000            5.450        2.160        3.290   235.7
1.3050            5.450        2.115        3.334   238.8
1.3100            5.449        2.081        3.368   241.3
1.3150            5.449        2.064        3.384   242.4
1.3200            5.449        2.070        3.379   242.0
1.3250            5.449        2.096        3.353   240.2
1.3300            5.450        2.137        3.313   237.3
1.3350            5.450        2.184        3.267   234.0
1.3400            5.450        2.229        3.221   230.7
1.3450            5.450        2.271        3.179   227.7
1.3500            5.450        2.311        3.139   224.9
1.3550            5.450        2.352        3.098   221.9
1.3600            5.450        2.397        3.053   218.7
1.3650            5.450        2.445        3.005   215.3
1.3700            5.451        2.492        2.959   212.0
1.3750            5.452        2.529        2.923   209.3
1.3800            5.452        2.547        2.905   208.1
1.3850            5.452        2.539        2.913   208.7
1.3900            5.452        2.504        2.948   211.2
1.3950            5.451        2.447        3.004   215.2
1.4000            5.450        2.380        3.070   219.9
1.4050            5.449        2.320        3.129   224.2
1.4100            5.448        2.282        3.166   226.8
1.4150            5.448        2.280        3.168   226.9
1.4200            5.448        2.317        3.131   224.3
1.4250            5.449        2.389        3.060   219.2
1.4300            5.450        2.480        2.970   212.7
1.4350            5.452        2.572        2.880   206.3
1.4400            5.453        2.642        2.810   201.3
1.4450            5.453        2.676        2.777   198.9
1.4500            5.453        2.665        2.788   199.7
1.4550            5.452        2.611        2.841   203.5
1.4600            5.451        2.525        2.926   209.6
1.4650            5.450        2.423        3.027   216.8
1.4700            5.449        2.322        3.127   224.0
1.4750            5.449        2.238        3.211   230.0
1.4800            5.448        2.181        3.268   234.1
1.4850            5.448        2.154        3.294   236.0
1.4900            5.449        2.159        3.290   235.7
1.4950            5.449        2.187        3.262   233.7
1.5000            5.450        2.231        3.219   230.6
1.5050            5.451        2.278        3.173   227.3
1.5100            5.452        2.315        3.136   224.7
1.5150            5.452        2.332        3.120   223.5
1.5200            5.452        2.321        3.131   224.3
1.5250            5.452        2.281        3.170   227.1
1.5300            5.451        2.218        3.233   231.6
1.5350            5.450        2.142        3.308   236.9
1.5400            5.449        2.070        3.379   242.0
1.5450            5.448        2.020        3.427   245.5
1.5500            5.447        2.010        3.437   246.2
1.5550            5.446        2.053        3.393   243.1
1.5600            5.447        2.155        3.292   235.8
1.5650            5.448        2.311        3.137   224.7
1.5700            5.449        2.503        2.946   211.1
1.5750            5.452        2.704        2.748   196.8
1.5800            5.454        2.877        2.577   184.6
1.5850            5.456        2.986        2.470   176.9
1.5900            5.456        3.004        2.453   175.7
1.5950            5.456        2.920        2.536   181.6
1.6000            5.454        2.746        2.707   193.9
1.6050            5.451        2.514        2.937   210.4
1.6100            5.448        2.264        3.184   228.1
1.6150            5.446        2.042        3.404   243.8
1.6200            5.445        1.883        3.561   255.1
1.6250            5.444        1.810        3.634   260.3
1.6300            5.445        1.830        3.615   259.0
1.6350            5.446        1.933        3.513   251.6
1.6400            5.448        2.100        3.348   239.8
1.6450            5.450        2.300        3.151   225.7
1.6500            5.453        2.497        2.956   211.7
1.6550            5.454        2.657        2.798   200.4
1.6600            5.455        2.752        2.703   193.6
1.6650            5.455        2.768        2.687   192.5
1.6700            5.454        2.706        2.748   196.8
1.6750            5.452        2.585        2.868   205.4
1.6800            5.450        2.432        3.019   216.2
1.6850            5.448        2.279        3.169   227.0
1.6900            5.447        2.154        3.293   235.9
1.6950            5.447        2.074        3.373   241.6
1.7000            5.448        2.043        3.404   243.8
1.7050            5.448        2.056        3.393   243.0
1.7100            5.450        2.097        3.352   240.1
1.7150            5.450        2.151        3.299   236.3
1.7200            5.451        2.205        3.246   232.5
1.7250            5.451        2.249        3.201   229.3
1.7300            5.450        2.285        3.165   226.7
1.7350            5.450        2.316        3.134   224.5
1.7400            5.450        2.350        3.100   222.1
1.7450            5.450        2.391        3.058   219.1
1.7500            5.450        2.444        3.006   215.3
1.7550            5.450        2.508        2.942   210.7
1.7600            5.450        2.580        2.870   205.6
1.7650            5.451        2.655        2.795   200.2
1.7700            5.452        2.723        2.729   195.5
1.7750            5.452        2.770        2.683   192.2
1.7800            5.453        2.784        2.669   191.2
1.7850            5.453        2.756        2.697   193.2
1.7900            5.453        2.681        2.772   198.6
1.7950            5.452        2.564        2.888   206.9
1.8000            5.451        2.416        3.035   217.4
1.8050            5.450        2.257        3.192   228.7
1.8100            5.448        2.108        3.340   239.3
1.8150            5.447        1.990        3.457   247.7
1.8200            5.447        1.918        3.529   252.8
1.8250            5.447        1.899        3.548   254.1
1.8300            5.448        1.934        3.514   251.7
1.8350            5.448        2.013        3.435   246.1
1.8400            5.449        2.124        3.326   238.2
1.8450            5.451        2.249        3.202   229.4
1.8500            5.452        2.369        3.083   220.8
1.8550            5.453        2.468        2.985   213.8
1.8600            5.453        2.531        2.922   209.3
1.8650            5.453        2.552        2.901   207.8
1.8700            5.452        2.531        2.921   209.2
1.8750            5.451        2.479        2.973   212.9
1.8800            5.450        2.408        3.042   217.9
1.8850            5.450        2.334        3.116   223.2
1.8900            5.449        2.267        3.183   228.0
1.8950            5.449        2.215        3.235   231.7
1.9000            5.449        2.181        3.268   234.1
1.9050            5.449        2.167        3.282   235.1
1.9100            5.449        2.174        3.275   234.6
1.9150            5.449        2.203        3.246   232.5
1.9200            5.449        2.251        3.198   229.1
1.9250            5.450        2.317        3.133   224.4
1.9300            5.450        2.395        3.055   218.8
1.9350            5.450        2.482        2.969   212.6
1.9400            5.451        2.571        2.880   206.3
1.9450            5.451        2.657        2.794   200.1
1.9500            5.451        2.734        2.717   194.6
1.9550            5.452        2.793        2.659   190.5
1.9600            5.453        2.825        2.628   188.2
1.9650            5.453        2.821        2.632   188.5
1.9700            5.453        2.775        2.678   191.8
1.9750            5.453        2.685        2.768   198.3
1.9800            5.452        2.555        2.897   207.5
1.9850            5.451        2.396        3.055   218.8
1.9900            5.450        2.224        3.227   231.1
1.9950            5.449        2.056        3.393   243.0
2.0000            5.448        1.914        3.534   253.1
2.0050            5.447        1.815        3.632   260.2
2.0100            5.447        1.771        3.676   263.3
2.0150            5.447        1.785        3.662   262.3
2.0200            5.448        1.854        3.594   257.4
2.0250            5.449        1.965        3.484   249.5
2.0300            5.450        2.102        3.348   239.8
2.0350            5.451        2.245        3.206   229.7
2.0400            5.452        2.375        3.076   220.4
2.0450            5.452        2.480        2.972   212.9
2.0500            5.452        2.550        2.902   207.9
2.0550            5.452        2.584        2.868   205.5
2.0600            5.452        2.585        2.867   205.4
2.0650            5.451        2.559        2.892   207.1
2.0700            5.451        2.518        2.933   210.1
2.0750            5.450        2.469        2.981   213.5
2.0800            5.450        2.423        3.027   216.8
2.0850            5.450        2.385        3.064   219.5
2.0900            5.450        2.359        3.090   221.4
2.0950            5.450        2.346        3.104   222.3
2.1000            5.450        2.343        3.107   222.6
2.1050            5.450        2.347        3.104   222.3
2.1100            5.450        2.355        3.095   221.7
2.1150            5.450        2.368        3.083   220.8
2.1200            5.450        2.385        3.065   219.6
2.1250            5.450        2.408        3.042   217.9
2.1300            5.450        2.439        3.011   215.7
2.1350            5.450        2.475        2.975   213.1
2.1400            5.450        2.514        2.936   210.3
2.1450            5.451        2.550        2.900   207.8
2.1500            5.451        2.578        2.873   205.8
2.1550            5.452        2.592        2.860   204.8
2.1600            5.452        2.585        2.867   205.4
2.1650            5.452        2.550        2.902   207.9
2.1700            5.452        2.485        2.967   212.5
2.1750            5.452        2.391        3.060   219.2
2.1800            5.451        2.277        3.173   227.3
2.1850            5.449        2.160        3.290   235.6
2.1900            5.448        2.058        3.390   242.8
2.1950            5.447        1.991        3.456   247.6
2.2000            5.447        1.970        3.478   249.1
2.2050            5.448        1.994        3.454   247.4
2.2100            5.449        2.057        3.392   243.0
2.2150            5.450        2.144        3.306   236.8
2.2200            5.451        2.240        3.210   230.0
2.2250            5.451        2.334        3.118   223.3
2.2300            5.452        2.414        3.038   217.6
2.2350            5.452        2.474        2.978   213.3
2.2400            5.452        2.510        2.943   210.8
2.2450            5.452        2.515        2.937   210.4
2.2500            5.452        2.489        2.963   212.3
2.2550            5.452        2.430        3.022   216.4
2.2600            5.451        2.345        3.106   222.5
2.2650            5.450        2.245        3.205   229.6
2.2700            5.448        2.151        3.297   236.2
2.2750            5.447        2.087        3.359   240.7
2.2800            5.446        2.075        3.371   241.5
2.2850            5.446        2.127        3.319   237.7
2.2900            5.447        2.243        3.204   229.5
2.2950            5.449        2.406        3.043   218.0
2.3000            5.451        2.588        2.863   205.1
2.3050            5.453        2.757        2.696   193.1
2.3100            5.454        2.881        2.573   184.3
2.3150            5.455        2.940        2.514   180.1
2.3200            5.454        2.926        2.528   181.1
2.3250            5.453        2.845        2.608   186.8
2.3300            5.452        2.713        2.739   196.2
2.3350            5.451        2.552        2.898   207.6
2.3400            5.450        2.383        3.067   219.7
2.3450            5.449        2.222        3.227   231.2
2.3500            5.449        2.080        3.369   241.3
2.3550            5.449        1.961        3.488   249.8
2.3600            5.449        1.867        3.582   256.6
2.3650            5.449        1.798        3.651   261.5
2.3700            5.449        1.757        3.691   264.4
2.3750            5.448        1.750        3.698   264.9
2.3800            5.448        1.783        3.665   262.5
2.3850            5.448        1.860        3.587   257.0
2.3900            5.448        1.982        3.466   248.3
2.3950            5.449        2.141        3.307   236.9
2.4000            5.450        2.326        3.124   223.8
2.4050            5.451        2.518        2.933   210.1
2.4100            5.452        2.698        2.754   197.3
2.4150            5.453        2.846        2.607   186.7
2.4200            5.454        2.947        2.507   179.6
2.4250            5.454        2.991        2.463   176.4
2.4300            5.454        2.975        2.479   177.6
2.4350            5.453        2.902        2.551   182.7
2.4400            5.453        2.782        2.670   191.3
2.4450            5.452        2.627        2.825   202.4
2.4500            5.451        2.451        3.000   214.9
2.4550            5.450        2.272        3.178   227.7
2.4600            5.448        2.107        3.341   239.3
2.4650            5.447        1.977        3.471   248.6
2.4700            5.447        1.897        3.550   254.3
2.4750            5.447        1.879        3.568   255.6
2.4800            5.447        1.925        3.522   252.3
2.4850            5.448        2.028        3.420   245.0
2.4900            5.450        2.170        3.280   235.0
2.4950            5.451        2.324        3.127   224.0
2.5000            5.453        2.467        2.985   213.9
Time[ps]      Etot[eV]     Epot[eV]     Ekin[eV]    T[K]
0.0000            5.083       -0.614        5.696   408.0
0.0050            5.083       -0.452        5.536   396.5
0.0100            5.087        0.015        5.072   363.3
0.0150            5.093        0.730        4.363   312.6
0.0200            5.101        1.592        3.509   251.4
0.0250            5.109        2.472        2.637   188.9
0.0300            5.116        3.236        1.880   134.7
0.0350            5.120        3.773        1.347    96.5
0.0400            5.120        4.023        1.096    78.5
0.0450            5.115        3.995        1.121    80.3
0.0500            5.109        3.750        1.359    97.4
0.0550            5.103        3.385        1.718   123.1
0.0600            5.099        2.998        2.100   150.4
0.0650            5.096        2.666        2.430   174.1
0.0700            5.096        2.430        2.666   190.9
0.0750            5.097        2.297        2.800   200.6
0.0800            5.100        2.245        2.854   204.5
0.0850            5.102        2.236        2.866   205.3
0.0900            5.104        2.230        2.875   205.9
0.0950            5.105        2.194        2.911   208.5
0.1000            5.105        2.117        2.988   214.0
0.1050            5.104        2.001        3.103   222.3
0.1100            5.102        1.865        3.237   231.9
0.1150            5.100        1.736        3.364   241.0
0.1200            5.099        1.643        3.456   247.6
0.1250            5.098        1.608        3.490   250.0
0.1300            5.098        1.647        3.451   247.2
0.1350            5.099        1.760        3.339   239.2
0.1400            5.100        1.936        3.164   226.6
0.1450            5.102        2.153        2.948   211.2
0.1500            5.104        2.383        2.721   194.9
0.1550            5.106        2.592        2.514   180.1
0.1600            5.107        2.751        2.356   168.7
0.1650            5.108        2.838        2.269   162.6
0.1700            5.108        2.840        2.267   162.4
0.1750            5.107        2.757        2.350   168.3
0.1800            5.105        2.600        2.505   179.4
0.1850            5.103        2.396        2.707   193.9
0.1900            5.101        2.176        2.925   209.5
0.1950            5.099        1.976        3.123   223.7
0.2000            5.098        1.824        3.274   234.5
0.2050            5.098        1.739        3.359   240.6
0.2100            5.098        1.726        3.372   241.6
0.2150            5.099        1.778        3.321   237.9
0.2200            5.101        1.881        3.220   230.7
0.2250            5.102        2.011        3.091   221.4
0.2300            5.104        2.145        2.959   211.9
0.2350            5.105        2.257        2.848   204.0
0.2400            5.106        2.327        2.779   199.1
0.2450            5.106        2.342        2.764   198.0
0.2500            5.105        2.302        2.803   200.8
0.2550            5.104        2.220        2.884   206.6
0.2600            5.102        2.119        2.983   213.7
0.2650            5.100        2.028        3.072   220.0
0.2700            5.099        1.977        3.122   223.6
0.2750            5.098        1.986        3.112   222.9
0.2800            5.098        2.068        3.031   217.1
0.2850            5.099        2.216        2.884   206.6
0.2900            5.102        2.410        2.692   192.8
0.2950            5.104        2.616        2.487   178.2
0.3000            5.106        2.798        2.308   165.3
0.3050            5.107        2.920        2.187   156.7
0.3100            5.108        2.961        2.147   153.8
0.3150            5.107        2.914        2.194   157.1
0.3200            5.106        2.789        2.316   165.9
0.3250            5.104        2.610        2.494   178.6
0.3300            5.103        2.402        2.701   193.5
0.3350            5.102        2.188        2.913   208.7
0.3400            5.101        1.989        3.112   222.9
0.3450            5.100        1.817        3.284   235.2
0.3500            5.100        1.681        3.419   244.9
0.3550            5.100        1.589        3.511   251.5
0.3600            5.099        1.545        3.555   254.6
0.3650            5.099        1.553        3.547   254.1
0.3700            5.099        1.613        3.486   249.7
0.3750            5.100        1.724        3.376   241.9
0.3800            5.101        1.875        3.225   231.1
0.3850            5.102        2.055        3.047   218.3
0.3900            5.103        2.244        2.859   204.8
0.3950            5.104        2.424        2.680   192.0
0.4000            5.105        2.575        2.530   181.2
0.4050            5.106        2.682        2.424   173.6
0.4100            5.106        2.735        2.371   169.9
0.4150            5.106        2.729        2.376   170.2
0.4200            5.105        2.670        2.435   174.4
0.4250            5.104        2.566        2.538   181.8
0.4300            5.103        2.432        2.671   191.3
0.4350            5.102        2.286        2.816   201.7
0.4400            5.101        2.147        2.954   211.6
0.4450            5.100        2.032        3.068   219.8
0.4500            5.099        1.957        3.142   225.1
0.4550            5.099        1.932        3.167   226.9
0.4600            5.100        1.959        3.140   225.0
0.4650            5.101        2.033        3.068   219.8
0.4700            5.102        2.138        2.963   212.3
0.4750            5.103        2.258        2.845   203.8
0.4800            5.104        2.371        2.733   195.8
0.4850            5.105        2.458        2.647   189.6
0.4900            5.105        2.508        2.598   186.1
0.4950            5.105        2.511        2.594   185.8
0.5000            5.105        2.470        2.635   188.7
0.5050            5.104        2.391        2.713   194.4
0.5100            5.103        2.285        2.818   201.9
0.5150            5.102        2.167        2.935   210.2
0.5200            5.101        2.054        3.047   218.3
0.5250            5.101        1.960        3.141   225.0
0.5300            5.100        1.897        3.203   229.4
0.5350            5.100        1.873        3.226   231.1
0.5400            5.100        1.890        3.210   230.0
0.5450            5.101        1.943        3.158   226.2
0.5500            5.101        2.024        3.077   220.4
0.5550            5.102        2.122        2.980   213.5
0.5600            5.103        2.222        2.881   206.3
0.5650            5.103        2.312        2.792   200.0
0.5700            5.104        2.380        2.724   195.1
0.5750            5.103        2.423        2.680   192.0
0.5800            5.103        2.445        2.658   190.4
0.5850            5.102        2.455        2.647   189.6
0.5900            5.101        2.466        2.635   188.7
0.5950            5.101        2.491        2.610   186.9
0.6000            5.101        2.533        2.569   184.0
0.6050            5.103        2.582        2.520   180.5
0.6100            5.104        2.621        2.483   177.9
0.6150            5.106        2.624        2.482   177.8
0.6200            5.106        2.567        2.539   181.9
0.6250            5.106        2.440        2.666   191.0
0.6300            5.105        2.247        2.859   204.8
0.6350            5.103        2.006        3.097   221.8
0.6400            5.101        1.751        3.349   239.9
0.6450            5.098        1.521        3.577   256.2
0.6500            5.096        1.355        3.741   268.0
0.6550            5.095        1.287        3.808   272.8
0.6600            5.095        1.339        3.755   269.0
0.6650            5.095        1.517        3.578   256.3
0.6700            5.097        1.807        3.291   235.7
0.6750            5.101        2.174        2.927   209.7
0.6800            5.104        2.567        2.537   181.8
0.6850            5.108        2.926        2.182   156.3
0.6900            5.111        3.191        1.920   137.6
0.6950            5.113        3.313        1.799   128.9
0.7000            5.112        3.270        1.843   132.0
0.7050            5.110        3.064        2.046   146.6
0.7100            5.107        2.731        2.376   170.2
0.7150            5.103        2.326        2.777   198.9
0.7200            5.098        1.916        3.182   227.9
0.7250            5.095        1.569        3.526   252.6
0.7300            5.093        1.336        3.757   269.1
0.7350            5.093        1.250        3.843   275.3
0.7400            5.094        1.316        3.778   270.6
0.7450            5.097        1.517        3.579   256.4
0.7500            5.100        1.813        3.287   235.4
0.7550            5.103        2.150        2.954   211.6
0.7600            5.107        2.470        2.637   188.9
0.7650            5.109        2.720        2.389   171.2
0.7700            5.110        2.863        2.247   160.9
0.7750            5.109        2.886        2.223   159.2
0.7800            5.107        2.799        2.308   165.4
0.7850            5.104        2.633        2.471   177.0
0.7900            5.102        2.434        2.667   191.1
0.7950            5.099        2.250        2.849   204.1
0.8000            5.098        2.118        2.980   213.5
0.8050            5.098        2.060        3.038   217.6
0.8100            5.099        2.075        3.024   216.6
0.8150            5.101        2.148        2.953   211.5
0.8200            5.103        2.248        2.855   204.5
0.8250            5.105        2.343        2.761   197.8
0.8300            5.106        2.408        2.698   193.2
0.8350            5.106        2.426        2.680   192.0
0.8400            5.105        2.394        2.712   194.2
0.8450            5.104        2.320        2.784   199.4
0.8500            5.103        2.221        2.882   206.5
0.8550            5.102        2.115        2.987   214.0
0.8600            5.101        2.021        3.080   220.6
0.8650            5.100        1.955        3.145   225.3
0.8700            5.100        1.932        3.167   226.9
0.8750            5.100        1.958        3.141   225.0
0.8800            5.100        2.031        3.069   219.8
0.8850            5.101        2.140        2.961   212.1
0.8900            5.103        2.266        2.837   203.3
0.8950            5.105        2.381        2.724   195.1
0.9000            5.106        2.460        2.646   189.6
0.9050            5.106        2.483        2.623   187.9
0.9100            5.106        2.443        2.663   190.8
0.9150            5.105        2.347        2.758   197.6
0.9200            5.103        2.214        2.889   207.0
0.9250            5.101        2.072        3.029   217.0
0.9300            5.099        1.952        3.148   225.5
0.9350            5.098        1.879        3.219   230.6
0.9400            5.098        1.870        3.228   231.3
0.9450            5.099        1.927        3.172   227.2
0.9500            5.100        2.041        3.060   219.2
0.9550            5.102        2.187        2.915   208.8
0.9600            5.104        2.336        2.768   198.3
0.9650            5.106        2.455        2.651   189.9
0.9700            5.106        2.520        2.587   185.3
0.9750            5.106        2.518        2.588   185.4
0.9800            5.105        2.456        2.649   189.8
0.9850            5.103        2.352        2.751   197.1
0.9900            5.102        2.235        2.866   205.3
0.9950            5.100        2.134        2.967   212.5
1.0000            5.099        2.069        3.031   217.1
1.0050            5.099        2.054        3.045   218.2
1.0100            5.100        2.090        3.010   215.6
1.0150            5.101        2.168        2.933   210.1
1.0200            5.103        2.270        2.833   202.9
1.0250            5.104        2.374        2.730   195.5
1.0300            5.105        2.460        2.645   189.5
1.0350            5.105        2.513        2.592   185.7
1.0400            5.105        2.526        2.579   184.7
1.0450            5.105        2.500        2.604   186.5
1.0500            5.104        2.442        2.662   190.7
1.0550            5.104        2.359        2.745   196.6
1.0600            5.103        2.262        2.841   203.5
1.0650            5.103        2.158        2.944   210.9
1.0700            5.102        2.058        3.044   218.1
1.0750            5.102        1.968        3.134   224.5
1.0800            5.101        1.898        3.203   229.4
1.0850            5.100        1.857        3.243   232.3
1.0900            5.100        1.855        3.245   232.5
1.0950            5.100        1.895        3.205   229.6
1.1000            5.100        1.979        3.121   223.6
1.1050            5.101        2.100        3.002   215.0
1.1100            5.102        2.243        2.859   204.8
1.1150            5.104        2.392        2.712   194.3
1.1200            5.105        2.525        2.580   184.8
1.1250            5.106        2.624        2.482   177.8
1.1300            5.106        2.676        2.430   174.1
1.1350            5.106        2.677        2.429   174.0
1.1400            5.105        2.630        2.475   177.3
1.1450            5.104        2.544        2.561   183.4
1.1500            5.104        2.430        2.673   191.5
1.1550            5.103        2.302        2.802   200.7
1.1600            5.103        2.167        2.935   210.3
1.1650            5.102        2.036        3.066   219.7
1.1700            5.102        1.914        3.188   228.4
1.1750            5.101        1.809        3.292   235.8
1.1800            5.100        1.731        3.370   241.4
1.1850            5.100        1.690        3.410   244.2
1.1900            5.099        1.698        3.402   243.7
1.1950            5.099        1.759        3.340   239.3
1.2000            5.100        1.873        3.226   231.1
1.2050            5.101        2.030        3.071   220.0
1.2100            5.102        2.209        2.893   207.3
1.2150            5.104        2.390        2.714   194.4
1.2200            5.105        2.549        2.556   183.1
1.2250            5.105        2.670        2.435   174.4
1.2300            5.105        2.745        2.360   169.1
1.2350            5.105        2.772        2.333   167.1
1.2400            5.104        2.758        2.346   168.1
1.2450            5.104        2.713        2.390   171.2
1.2500            5.103        2.650        2.453   175.7
1.2550            5.103        2.579        2.524   180.8
1.2600            5.103        2.503        2.600   186.3
1.2650            5.103        2.421        2.682   192.1
1.2700            5.103        2.331        2.773   198.6
1.2750            5.103        2.227        2.877   206.1
1.2800            5.103        2.109        2.994   214.5
1.2850            5.103        1.983        3.120   223.5
1.2900            5.102        1.858        3.243   232.3
1.2950            5.101        1.751        3.349   239.9
1.3000            5.100        1.678        3.422   245.1
1.3050            5.099        1.651        3.448   247.0
1.3100            5.099        1.680        3.419   244.9
1.3150            5.100        1.765        3.335   238.9
1.3200            5.101        1.898        3.203   229.5
1.3250            5.102        2.063        3.039   217.7
1.3300            5.103        2.241        2.863   205.1
1.3350            5.105        2.408        2.697   193.2
1.3400            5.105        2.545        2.561   183.4
1.3450            5.106        2.636        2.471   177.0
1.3500            5.106        2.670        2.436   174.5
1.3550            5.106        2.645        2.461   176.3
1.3600            5.105        2.566        2.539   181.9
1.3650            5.104        2.445        2.659   190.5
1.3700            5.103        2.299        2.803   200.8
1.3750            5.101        2.151        2.951   211.4
1.3800            5.100        2.022        3.078   220.5
1.3850            5.099        1.935        3.165   226.7
1.3900            5.099        1.904        3.195   228.8
1.3950            5.099        1.938        3.161   226.4
1.4000            5.100        2.034        3.066   219.6
1.4050            5.101        2.174        2.927   209.7
1.4100            5.104        2.333        2.771   198.5
1.4150            5.106        2.477        2.629   188.3
1.4200            5.107        2.575        2.532   181.4
1.4250            5.107        2.605        2.502   179.2
1.4300            5.106        2.565        2.542   182.1
1.4350            5.105        2.466        2.639   189.0
1.4400            5.103        2.336        2.767   198.2
1.4450            5.101        2.205        2.896   207.4
1.4500            5.100        2.102        2.998   214.7
1.4550            5.100        2.043        3.056   218.9
1.4600            5.100        2.034        3.066   219.6
1.4650            5.101        2.068        3.033   217.3
1.4700            5.102        2.131        2.970   212.8
1.4750            5.103        2.208        2.895   207.4
1.4800            5.104        2.281        2.823   202.2
1.4850            5.104        2.338        2.767   198.2
1.4900            5.105        2.369        2.736   196.0
1.4950            5.105        2.370        2.734   195.9
1.5000            5.104        2.341        2.763   197.9
1.5050            5.104        2.285        2.819   201.9
1.5100            5.103        2.209        2.894   207.3
1.5150            5.102        2.125        2.978   213.3
1.5200            5.102        2.043        3.059   219.1
1.5250            5.101        1.976        3.125   223.8
1.5300            5.101        1.935        3.166   226.8
1.5350            5.101        1.925        3.175   227.5
1.5400            5.101        1.949        3.152   225.8
1.5450            5.101        2.003        3.098   221.9
1.5500            5.102        2.082        3.020   216.3
1.5550            5.103        2.175        2.928   209.7
1.5600            5.103        2.271        2.832   202.9
1.5650            5.104        2.358        2.745   196.6
1.5700            5.104        2.430        2.674   191.6
1.5750            5.104        2.479        2.625   188.0
1.5800            5.104        2.506        2.598   186.1
1.5850            5.104        2.511        2.593   185.8
1.5900            5.104        2.497        2.606   186.7
1.5950            5.103        2.469        2.634   188.7
1.6000            5.103        2.431        2.672   191.4
1.6050            5.103        2.385        2.718   194.7
1.6100            5.103        2.333        2.770   198.4
1.6150            5.103        2.275        2.828   202.5
1.6200            5.103        2.214        2.889   206.9
1.6250            5.103        2.151        2.952   211.4
1.6300            5.102        2.090        3.012   215.7
1.6350            5.102        2.039        3.063   219.4
1.6400            5.101        2.003        3.098   221.9
1.6450            5.101        1.990        3.111   222.8
1.6500            5.101        2.005        3.095   221.7
1.6550            5.101        2.049        3.052   218.6
1.6600            5.101        2.119        2.982   213.6
1.6650            5.102        2.208        2.894   207.3
1.6700            5.103        2.306        2.797   200.4
1.6750            5.104        2.399        2.705   193.8
1.6800            5.105        2.472        2.632   188.6
1.6850            5.106        2.511        2.594   185.8
1.6900            5.106        2.503        2.603   186.4
1.6950            5.106        2.443        2.663   190.7
1.7000            5.105        2.335        2.770   198.5
1.7050            5.104        2.192        2.912   208.6
1.7100            5.102        2.036        3.066   219.6
1.7150            5.101        1.892        3.208   229.8
1.7200            5.099        1.786        3.314   237.4
1.7250            5.099        1.735        3.363   240.9
1.7300            5.099        1.752        3.346   239.7
1.7350            5.099        1.837        3.262   233.7
1.7400            5.100        1.980        3.120   223.5
1.7450            5.102        2.161        2.941   210.7
1.7500            5.104        2.353        2.751   197.1
1.7550            5.105        2.527        2.579   184.7
1.7600            5.106        2.659        2.447   175.3
1.7650            5.106        2.735        2.372   169.9
1.7700            5.106        2.751        2.354   168.7
1.7750            5.105        2.717        2.387   171.0
1.7800            5.104        2.647        2.456   176.0
1.7850            5.103        2.557        2.546   182.3
1.7900            5.103        2.459        2.643   189.4
1.7950            5.103        2.359        2.743   196.5
1.8000            5.102        2.261        2.841   203.5
1.8050            5.102        2.165        2.937   210.4
1.8100            5.102        2.074        3.028   216.9
1.8150            5.102        1.992        3.110   222.8
1.8200            5.101        1.923        3.178   227.7
1.8250            5.101        1.875        3.226   231.1
1.8300            5.101        1.851        3.250   232.8
1.8350            5.101        1.854        3.247   232.6
1.8400            5.102        1.881        3.220   230.7
1.8450            5.102        1.929        3.173   227.3
1.8500            5.102        1.991        3.112   222.9
1.8550            5.103        2.061        3.042   217.9
1.8600            5.103        2.133        2.970   212.8
1.8650            5.103        2.201        2.902   207.9
1.8700            5.103        2.263        2.840   203.5
1.8750            5.103        2.317        2.787   199.6
1.8800            5.103        2.362        2.741   196.4
1.8850            5.103        2.398        2.705   193.8
1.8900            5.104        2.424        2.679   191.9
1.8950            5.104        2.436        2.668   191.1
1.9000            5.104        2.428        2.677   191.7
1.9050            5.104        2.398        2.706   193.8
1.9100            5.103        2.350        2.753   197.2
1.9150            5.102        2.294        2.809   201.2
1.9200            5.101        2.244        2.858   204.7
1.9250            5.101        2.215        2.885   206.7
1.9300            5.101        2.219        2.882   206.4
1.9350            5.101        2.256        2.845   203.8
1.9400            5.102        2.320        2.782   199.3
1.9450            5.103        2.392        2.712   194.2
1.9500            5.105        2.452        2.652   190.0
1.9550            5.105        2.484        2.621   187.7
1.9600            5.105        2.478        2.627   188.2
1.9650            5.104        2.434        2.670   191.3
1.9700            5.104        2.363        2.741   196.3
1.9750            5.103        2.279        2.824   202.3
1.9800            5.102        2.197        2.905   208.1
1.9850            5.102        2.128        2.974   213.0
1.9900            5.102        2.078        3.024   216.6
1.9950            5.102        2.045        3.057   219.0
2.0000            5.102        2.027        3.075   220.3
2.0050            5.103        2.017        3.085   221.0
2.0100            5.103        2.012        3.091   221.4
2.0150            5.103        2.010        3.093   221.5
2.0200            5.102        2.012        3.091   221.4
2.0250            5.102        2.021        3.081   220.7
2.0300            5.102        2.043        3.059   219.1
2.0350            5.102        2.080        3.022   216.4
2.0400            5.102        2.133        2.969   212.7
2.0450            5.102        2.199        2.904   208.0
2.0500            5.103        2.269        2.834   203.0
2.0550            5.104        2.331        2.773   198.6
2.0600            5.104        2.372        2.732   195.7
2.0650            5.105        2.383        2.721   194.9
2.0700            5.104        2.361        2.744   196.5
2.0750            5.103        2.310        2.794   200.1
2.0800            5.102        2.245        2.858   204.7
2.0850            5.102        2.180        2.922   209.3
2.0900            5.101        2.130        2.971   212.8
2.0950            5.101        2.103        2.998   214.8
2.1000            5.101        2.100        3.002   215.0
2.1050            5.102        2.117        2.985   213.8
2.1100            5.102        2.151        2.952   211.4
2.1150            5.103        2.194        2.908   208.3
2.1200            5.103        2.244        2.859   204.8
2.1250            5.103        2.296        2.807   201.1
2.1300            5.103        2.345        2.759   197.6
2.1350            5.104        2.386        2.718   194.7
2.1400            5.104        2.414        2.690   192.7
2.1450            5.104        2.424        2.680   192.0
2.1500            5.104        2.413        2.691   192.8
2.1550            5.104        2.381        2.723   195.0
2.1600            5.103        2.334        2.769   198.4
2.1650            5.103        2.280        2.823   202.2
2.1700            5.102        2.230        2.872   205.7
2.1750            5.101        2.196        2.905   208.1
2.1800            5.101        2.187        2.914   208.8
2.1850            5.101        2.205        2.896   207.4
2.1900            5.102        2.249        2.853   204.4
2.1950            5.103        2.306        2.797   200.4
2.2000            5.104        2.361        2.743   196.5
2.2050            5.105        2.399        2.706   193.8
2.2100            5.105        2.405        2.700   193.4
2.2150            5.105        2.373        2.732   195.7
2.2200            5.104        2.304        2.801   200.6
2.2250            5.104        2.206        2.898   207.6
2.2300            5.103        2.092        3.010   215.6
2.2350            5.102        1.978        3.124   223.8
2.2400            5.101        1.877        3.224   231.0
2.2450            5.101        1.802        3.299   236.3
2.2500            5.100        1.760        3.340   239.3
2.2550            5.100        1.755        3.346   239.7
2.2600            5.101        1.784        3.316   237.6
2.2650            5.101        1.844        3.257   233.3
2.2700            5.102        1.928        3.174   227.4
2.2750            5.102        2.031        3.071   220.0
2.2800            5.102        2.148        2.954   211.6
2.2850            5.102        2.277        2.826   202.4
2.2900            5.103        2.409        2.694   193.0
2.2950            5.104        2.536        2.567   183.9
2.3000            5.104        2.649        2.455   175.9
2.3050            5.105        2.739        2.366   169.5
2.3100            5.105        2.799        2.306   165.2
2.3150            5.105        2.826        2.279   163.2
2.3200            5.105        2.821        2.284   163.6
2.3250            5.105        2.783        2.322   166.3
2.3300            5.104        2.714        2.390   171.2
2.3350            5.104        2.617        2.487   178.2
2.3400            5.104        2.493        2.611   187.0
2.3450            5.104        2.346        2.758   197.6
2.3500            5.104        2.179        2.925   209.5
2.3550            5.103        1.998        3.105   222.4
2.3600            5.102        1.811        3.291   235.7
2.3650            5.101        1.634        3.467   248.4
2.3700            5.100        1.485        3.615   259.0
2.3750            5.098        1.386        3.712   265.9
2.3800            5.097        1.359        3.739   267.8
2.3850            5.097        1.417        3.680   263.6
2.3900            5.098        1.563        3.535   253.2
2.3950            5.099        1.785        3.314   237.4
2.4000            5.101        2.060        3.042   217.9
2.4050            5.103        2.355        2.749   196.9
2.4100            5.105        2.634        2.471   177.0
2.4150            5.107        2.864        2.244   160.7
2.4200            5.108        3.014        2.095   150.0
2.4250            5.109        3.066        2.042   146.3
2.4300            5.108        3.017        2.090   149.7
2.4350            5.106        2.880        2.226   159.4
2.4400            5.104        2.682        2.422   173.5
2.4450            5.102        2.458        2.644   189.4
2.4500            5.101        2.239        2.862   205.0
2.4550            5.100        2.049        3.051   218.5
2.4600            5.100        1.904        3.196   228.9
2.4650            5.100        1.808        3.292   235.8
2.4700            5.100        1.760        3.340   239.2
2.4750            5.101        1.757        3.343   239.5
2.4800            5.101        1.792        3.309   237.0
2.4850            5.101        1.857        3.245   232.4
2.4900            5.102        1.944        3.158   226.2
2.4950            5.103        2.042        3.060   219.2
2.5000            5.103        2.142        2.962   212.1
